<?xml version="1.0" encoding="UTF-8"?>
<!-- Generated by org.testng.reporters.JUnitReportReporter -->
<testsuite skipped="0" hostname="IBM548-PC0GJ1ML" name="selenium.jenkinsdemo.LoginTest" tests="1" failures="0" timestamp="15 Feb 2019 06:41:17 GMT" time="0.010" errors="0">
  <testcase name="LoginTest" time="0.010" classname="selenium.jenkinsdemo.LoginTest"/>
</testsuite> <!-- selenium.jenkinsdemo.LoginTest -->
